
==> Input arguments...

Feature directory: ../toy_example/combo_results
Model: ../toy_example/combo_models

==> Preparing Data...

Dimensions of feature matrix rows: 5, cols: 8192

==> Building model...

Number of Classes: 2

==> Compute model output...

Dimensions of class output rows:5 cols:5

==> Classification Completed!

Time: 00:00:00

==> Input arguments...

Query directory: ../toy_example/combo_results
Model directory: ../toy_example/combo_models
Class information: ../toy_example/combo_results

==> Querying...

Total subtrees to query: 2

==> Working on subtree 0...


==> Preparing Data...

Dimensions of feature matrix rows: 2, cols: 8192

==> Building model...


==> Compute model output...

Dimensions of output matrix rows:2 cols:2

==> Computation is completed for subtree 0!

Time: 00:00:00

==> Working on subtree 1...


==> Preparing Data...

Dimensions of feature matrix rows: 3, cols: 8192

==> Building model...


==> Compute model output...

Dimensions of output matrix rows:3 cols:3

==> Computation is completed for subtree 1!

Time: 00:00:00

==> Computation Completed!

Time: 00:00:00
