
==> Input arguments...

Feature directory: ../toy_example/combo_models
Clades information: ../toy_example/train_tree_newick/train_tree.subtrees

==> Parameters...

GPU Support: No
Hidden Size fc1: 2048
Starting Epoch: 0
Total Epochs: 10
Batch Size: 16
Learning Rate: 1e-05
Learning Rate Min: 3e-06
Learning Rate Decay: 2000
Random Seed: 16

==> Preparing Data...

Dimensions of feature matrix rows: 5, cols: 8192
Number of Train Samples: 5

==> Building model...

Number of Classes: 2

==> Model parameters----------
Total parameters: 16783362
Trainable parameters: 16783362
Time: 00:00:00

==> Training model...

Epoch [1/10], Step [1/1], Train loss: 0.89806079864501953125, 0.59999999999999997780, Time: 00:00:08
Epoch 1	               LR:0.00001000000000000000
Epoch [2/10], Step [1/1], Train loss: 0.62095600366592407227, 0.40000000000000002220, Time: 00:00:16
Epoch 2	               LR:0.00001300000000000000
Epoch [3/10], Step [1/1], Train loss: 0.43911284208297729492, 0.59999999999999997780, Time: 00:00:24
Epoch 3	               LR:0.00001300000000000000
Epoch [4/10], Step [1/1], Train loss: 0.28389936685562133789, 1.00000000000000000000, Time: 00:00:32
Epoch 4	               LR:0.00001300000000000000
Epoch [5/10], Step [1/1], Train loss: 0.18014359474182128906, 1.00000000000000000000, Time: 00:00:40
Epoch 5	               LR:0.00001300000000000000
Epoch [6/10], Step [1/1], Train loss: 0.13137406110763549805, 1.00000000000000000000, Time: 00:00:48
Epoch 6	               LR:0.00001300000000000000
Epoch [7/10], Step [1/1], Train loss: 0.10611943900585174561, 1.00000000000000000000, Time: 00:00:56
Epoch 7	               LR:0.00001300000000000000
Epoch [8/10], Step [1/1], Train loss: 0.08469056338071823120, 1.00000000000000000000, Time: 00:01:04
Epoch 8	               LR:0.00001300000000000000
Epoch [9/10], Step [1/1], Train loss: 0.06487796455621719360, 1.00000000000000000000, Time: 00:01:12
Epoch 9	               LR:0.00001300000000000000
Epoch [10/10], Step [1/1], Train loss: 0.04891238361597061157, 1.00000000000000000000, Time: 00:01:21
Epoch 10	               LR:0.00001300000000000000
Best Epoch [10/10], Lowest loss: 0.04891238361597061157, Highest accuracy: 1.00000000000000000000
Dimensions of class output rows:5 cols:6

==> Training Completed!

Time: 00:01:21

==> Input arguments...

Feature directory: ../toy_example/combo_models
Clades information: ../toy_example/train_tree_newick/train_tree.subtrees
Ground truth directory: ../toy_example/train_tree_newick

==> Parameters...

GPU Support: No
Hidden Size fc1: 2048
Embedding Size: 1024
Starting Epoch: 0
Total Epochs: 1
Batch Size: 16
Learning Rate: 1e-05
Learning Rate Min: 3e-06
Learning Rate Decay: 2000
Random Seed: 16

==> Subtree training...

Number of Classes: 2

==> Working on subtree 0...


==> Preparing Data...

Dimensions of feature matrix rows: 2, cols: 8192
Dimensions of true distance matrix rows: 2, cols: 2
Number of Train Samples: 2

==> Building model...


==> Model parameters----------
Total parameters: 18877440
Trainable parameters: 18877440
Time: 00:00:00

==> Training model...

Epoch [1/1], Step [1/1], Train loss: 0.02580154825057591125, Time: 00:00:08
Epoch 1	                   LR:0.00001000000000000000
Best Epoch [1/1], Lowest loss: 0.02580154825057591125
Dimensions of distortion matrix rows:2 cols:3
Dimensions of embedding output rows:2 cols:1025

==> Training for subtree 0 completed!

Time: 00:00:08

==> Working on subtree 1...


==> Preparing Data...

Dimensions of feature matrix rows: 3, cols: 8192
Dimensions of true distance matrix rows: 3, cols: 3
Number of Train Samples: 3

==> Building model...


==> Model parameters----------
Total parameters: 18877440
Trainable parameters: 18877440
Time: 00:00:08

==> Training model...

Epoch [1/1], Step [1/1], Train loss: 0.02477287441784079350, Time: 00:00:17
Epoch 1	                   LR:0.00001000000000000000
Best Epoch [1/1], Lowest loss: 0.02477287441784079350
Dimensions of distortion matrix rows:3 cols:4
Dimensions of embedding output rows:3 cols:1025

==> Training for subtree 1 completed!

Time: 00:00:17

==> Training Completed!

Time: 00:00:17
